adabag
Amelia
animation
anomalize
AppliedPredictiveModeling
arules
basictabler
bcrypt
billboarder
BioCircos
boot
broom
bsplus
C50
Cairo
car
caret
cartogram
cartography
chron
circlize
class
classInt
coefplot
collapsibleTree
colorspace
colourpicker
CORElearn
corrgram
corrplot
cowplot
crosstalk
d3heatmap
D3partitionR
d3Tree
DALEX
data.table
deldir
dendextend
DiagrammeR
dichromat
diffobj
directlabels
dismo
doMC
doParallel
dplyr
DT
dygraphs
e1071
earth
ECharts2Shiny
echarts4r
edgebundleR
egg
emojifont
evir
extrafont
feather
fitdistrplus
flexdashboard
flextable
fontcm
forcats
foreach
forecast
formattable
fst
funModeling
future
gam
gbm
gdata
geofacet
geogrid
geojson
geojsonio
geomnet
geoR
ggalluvial
GGally
ggallin
ggalt
ggbuildr
ggChernoff
ggconf
ggedit
ggeffects
ggExtra
ggfittext
ggforce
ggfortify
gghighlight
ggimage
ggiraph
ggiraphExtra
ggmap
ggmosaic
ggnetwork
ggparallel
ggplot2
ggpmisc
ggpubr
ggRandomForests
ggraph
ggrepel
ggridges
ggsci
ggseas
ggsignif
ggspatial
ggstance
ggtern
ggthemes
ggTimeSeries
ggvis
ghibli
giphyr
GISTools
glmnet
glue
gmodels
googleAnalyticsR
googleAuthR
googlesheets
googleVis
googleway
gplots
gradientPickerD3
grid
gridExtra
gstat
gsubfn
gtable
h2o
hexbin
highcharter
Hmisc
hms
hrbrthemes
htmlTable
htmltools
htmlwidgets
httr
huxtable
igraph
iheatmapr
implyr
infer
influxdbr
inlmisc
ipred
irlba
janitor
jcolors
jsonlite
kableExtra
keras
kernlab
kknn
klaR
knitr
KRIG
lars
lattice
latticeExtra
leaflet
leaflet.extras
leaflet.minicharts
lemon
listviewer
lme4
lubridate
magick
magrittr
manipulateWidget
mapedit
mapproj
maps
mapsapi
maptools
mapview
Matrix
matrixStats
mboost
mda
metricsgraphics
mgcv
mice
microbenchmark
microplot
missForest
missMDA
mlr
modelr
MonetDBLite
mongolite
multcomp
munsell
networkD3
neuralnet
nlme
nnet
odbc
officer
OpenMx
openxlsx
pairsD3
party
partykit
PerformanceAnalytics
pivottabler
pixiedust
plotly
plotrix
plotROC
plumber
plyr
png
Polychrome
pool
pROC
profvis
promises
psych
purrr
qcc
qqplotr
qualpalr
Quandl
quantmod
quantreg
randomcoloR
randomForest
ranger
raster
rbokeh
rcartocolor
RColorBrewer
Rcpp
RCurl
readODS
readxl
Redmonder
redux
reshape2
reticulate
rgdal
rgeos
rgl
rhandsontable
rio
riverplot
rmapshaper
rmarkdown
rms
RMySQL
RNeo4j
ROCR
RODBC
roxygen2
rpart
rpart.plot
rpivotTable
RPostgreSQL
RSelenium
rvest
scales
scatterD3
scico
sf
shinyalert
shinyBS
shinycssloaders
shinycustomloader
shinydashboard
shinyDND
shinyFeedback
shinyFiles
shinyjqui
shinyjs
shinymaterial
shinythemes
shinyWidgets
showtext
sigmaNet
sjPlot
skimr
slackr
smooth
sna
snow
SOAR
sp
sparkline
sparklyr
sparkTable
spatstat
spdep
spdplyr
splitstackshape
sqldf
stringi
stringr
sunburstR
SuperLearner
survival
survminer
svd
sweep
tableHTML
tabplot
tau
tensorflow
testthat
tfestimators
threejs
tibbletime
tidyquant
tidyr
tidytext
tilegramsR
timetk
timevis
tm
tmap
tmaptools
tree
treemap
treemapify
trelliscopejs
tweenr
twitteR
usethis
validate
vcd
vcdExtra
viridis
visNetwork
waffle
wesanderson
widgetframe
wordcloud2
xgboost
xml2
xtable
xts
yarrr
zoo
